$ ./connect.sh


  ____         __   __           ____                     __  __       
 / ___|__ _ _ _\ \ / /__  _   _ / ___|_   _  ___  ___ ___|  \/  | ___  
| |   / _` | '_ \ V / _ \| | | | |  _| | | |/ _ \/ __/ __| |\/| |/ _ \ 
| |__| (_| | | | | | (_) | |_| | |_| | |_| |  __/\__ \__ \ |  | |  __/ 
 \____\__,_|_| |_|_|\___/ \__,_|\____|\__,_|\___||___/___/_|  |_|\___| 
                                                                       


Input value: help(flag)
No Python documentation found for 'PCTF{hmm_so_you_were_Able_2_g0lf_it_down?_Here_have_a_flag}'.
Use help() to get the interactive help utility.
Use help(str) for help on the str class.

Nope. Better luck next time.

$ ./connect.sh


  ____         __   __           ____                     __  __       
 / ___|__ _ _ _\ \ / /__  _   _ / ___|_   _  ___  ___ ___|  \/  | ___  
| |   / _` | '_ \ V / _ \| | | | |  _| | | |/ _ \/ __/ __| |\/| |/ _ \ 
| |__| (_| | | | | | (_) | |_| | |_| | |_| |  __/\__ \__ \ |  | |  __/ 
 \____\__,_|_| |_|_|\___/ \__,_|\____|\__,_|\___||___/___/_|  |_|\___| 
                                                                       


Input value: help()

Welcome to Python 3.6's help utility!

If this is your first time using Python, you should definitely check out
the tutorial on the Internet at https://docs.python.org/3.6/tutorial/.

Enter the name of any module, keyword, or topic to get help on writing
Python programs and using Python modules.  To quit this help utility and
return to the interpreter, just type "quit".

To get a list of available modules, keywords, symbols, or topics, type
"modules", "keywords", "symbols", or "topics".  Each module also comes
with a one-line summary of what it does; to list the modules whose name
or summary contain a given string such as "spam", type "modules spam".

help> secret
Help on module secret:

NAME
    secret

FUNCTIONS
    exec(*args, **kwargs)
    
    exit(...)
        exit([status])
        
        Exit the interpreter by raising SystemExit(status).
        If the status is omitted or None, it defaults to zero (i.e., success).
        If the status is an integer, it will be used as the system exit status.
        If it is another kind of object, it will be printed and the system
        exit status will be one (i.e., failure).

DATA
    flag = 'PCTF{hmm_so_you_were_Able_2_g0lf_it_down?_Here_have_a_flag}'
    secret_value_for_password = 'not even a number; this is a damn string;...
    trollface = '\n@@@@@@@@@@@@@@@@@@@@@@@@@@@@@@@@@@@@@@@@@@@@@@@...@@@@@...

FILE
    /home/guessme/secret.py


help> 
